<?xml version="1.0" encoding="UTF-8"?>
<testsuite xmlns:xsi="http://www.w3.org/2001/XMLSchema-instance" xsi:noNamespaceSchemaLocation="https://maven.apache.org/surefire/maven-surefire-plugin/xsd/surefire-test-report-3.0.xsd" version="3.0" name="com.example.githubrepo.RepositoryE2ETest" time="5.203" tests="2" errors="0" skipped="0" failures="0">
  <properties>
[...]
</properties>
  <testcase name="getsRepositoryAndCaches" classname="com.example.githubrepo.RepositoryE2ETest" time="0.795">
    <system-out><![CDATA[17:04:34.471 [main] INFO org.springframework.test.context.support.AnnotationConfigContextLoaderUtils -- Could not detect default configuration classes for test class [com.example.githubrepo.RepositoryE2ETest]: RepositoryE2ETest does not declare any static, non-private, non-final, nested classes annotated with @Configuration.
17:04:34.546 [main] INFO org.springframework.boot.test.context.SpringBootTestContextBootstrapper -- Found @SpringBootConfiguration com.example.githubrepo.GithubRepoServiceApplication for test class com.example.githubrepo.RepositoryE2ETest

  .   ____          _            __ _ _
 /\\ / ___'_ __ _ _(_)_ __  __ _ \ \ \ \
( ( )\___ | '_ | '_| | '_ \/ _` | \ \ \ \
 \\/  ___)| |_)| | | | | || (_| |  ) ) ) )
  '  |____| .__|_| |_|_| |_\__, | / / / /
 =========|_|==============|___/=/_/_/_/

 :: Spring Boot ::                (v3.3.5)

2025-12-11T17:04:35.412+08:00  INFO 54268 --- [           main] c.example.githubrepo.RepositoryE2ETest   : Starting RepositoryE2ETest using Java 17.0.16 with PID 54268 (started by Faker in D:\Maven\TestCoding)
2025-12-11T17:04:35.412+08:00  INFO 54268 --- [           main] c.example.githubrepo.RepositoryE2ETest   : The following 1 profile is active: "test"
2025-12-11T17:04:35.869+08:00  INFO 54268 --- [           main] .s.d.r.c.RepositoryConfigurationDelegate : Bootstrapping Spring Data JPA repositories in DEFAULT mode.
2025-12-11T17:04:35.926+08:00  INFO 54268 --- [           main] .s.d.r.c.RepositoryConfigurationDelegate : Finished Spring Data repository scanning in 47 ms. Found 1 JPA repository interface.
2025-12-11T17:04:36.515+08:00  INFO 54268 --- [           main] o.s.b.w.embedded.tomcat.TomcatWebServer  : Tomcat initialized with port 0 (http)
2025-12-11T17:04:36.539+08:00  INFO 54268 --- [           main] o.apache.catalina.core.StandardService   : Starting service [Tomcat]
2025-12-11T17:04:36.539+08:00  INFO 54268 --- [           main] o.apache.catalina.core.StandardEngine    : Starting Servlet engine: [Apache Tomcat/10.1.31]
2025-12-11T17:04:36.613+08:00  INFO 54268 --- [           main] o.a.c.c.C.[Tomcat].[localhost].[/]       : Initializing Spring embedded WebApplicationContext
2025-12-11T17:04:36.614+08:00  INFO 54268 --- [           main] w.s.c.ServletWebServerApplicationContext : Root WebApplicationContext: initialization completed in 1191 ms
2025-12-11T17:04:36.920+08:00  INFO 54268 --- [           main] o.hibernate.jpa.internal.util.LogHelper  : HHH000204: Processing PersistenceUnitInfo [name: default]
2025-12-11T17:04:37.027+08:00  INFO 54268 --- [           main] org.hibernate.Version                    : HHH000412: Hibernate ORM core version 6.5.3.Final
2025-12-11T17:04:37.053+08:00  INFO 54268 --- [           main] o.h.c.internal.RegionFactoryInitiator    : HHH000026: Second-level cache disabled
2025-12-11T17:04:37.224+08:00  INFO 54268 --- [           main] o.s.o.j.p.SpringPersistenceUnitInfo      : No LoadTimeWeaver setup: ignoring JPA class transformer
2025-12-11T17:04:37.244+08:00  INFO 54268 --- [           main] com.zaxxer.hikari.HikariDataSource       : HikariPool-1 - Starting...
2025-12-11T17:04:37.332+08:00  INFO 54268 --- [           main] com.zaxxer.hikari.pool.HikariPool        : HikariPool-1 - Added connection conn0: url=jdbc:h2:mem:testdb user=SA
2025-12-11T17:04:37.332+08:00  INFO 54268 --- [           main] com.zaxxer.hikari.HikariDataSource       : HikariPool-1 - Start completed.
2025-12-11T17:04:37.779+08:00  INFO 54268 --- [           main] o.h.e.t.j.p.i.JtaPlatformInitiator       : HHH000489: No JTA platform available (set 'hibernate.transaction.jta.platform' to enable JTA platform integration)
2025-12-11T17:04:37.803+08:00  INFO 54268 --- [           main] j.LocalContainerEntityManagerFactoryBean : Initialized JPA EntityManagerFactory for persistence unit 'default'
2025-12-11T17:04:38.294+08:00  WARN 54268 --- [           main] JpaBaseConfiguration$JpaWebConfiguration : spring.jpa.open-in-view is enabled by default. Therefore, database queries may be performed during view rendering. Explicitly configure spring.jpa.open-in-view to disable this warning
2025-12-11T17:04:38.727+08:00  INFO 54268 --- [           main] o.s.b.w.embedded.tomcat.TomcatWebServer  : Tomcat started on port 6743 (http) with context path '/'
2025-12-11T17:04:38.736+08:00  INFO 54268 --- [           main] c.example.githubrepo.RepositoryE2ETest   : Started RepositoryE2ETest in 3.542 seconds (process running for 4.707)
2025-12-11T17:04:39.335+08:00  INFO 54268 --- [o-auto-1-exec-3] o.a.c.c.C.[Tomcat].[localhost].[/]       : Initializing Spring DispatcherServlet 'dispatcherServlet'
2025-12-11T17:04:39.335+08:00  INFO 54268 --- [o-auto-1-exec-3] o.s.web.servlet.DispatcherServlet        : Initializing Servlet 'dispatcherServlet'
2025-12-11T17:04:39.335+08:00  INFO 54268 --- [o-auto-1-exec-3] o.s.web.servlet.DispatcherServlet        : Completed initialization in 0 ms
]]></system-out>
  </testcase>
  <testcase name="returns404ForMissingRepo" classname="com.example.githubrepo.RepositoryE2ETest" time="0.027"/>
</testsuite>